0 info it worked if it ends with ok
1 verbose cli [ 'C:\\Program Files\\nodejs\\\\node.exe',
1 verbose cli   'C:\\Program Files\\nodejs\\node_modules\\npm\\bin\\npm-cli.js',
1 verbose cli   'i',
1 verbose cli   '-g',
1 verbose cli   'npm-cli' ]
2 info using npm@1.4.28
3 info using node@v0.10.32
4 verbose node symlink C:\Program Files\nodejs\\node.exe
5 verbose cache add [ 'npm-cli', null ]
6 verbose cache add name=undefined spec="npm-cli" args=["npm-cli",null]
7 verbose parsed url { protocol: null,
7 verbose parsed url   slashes: null,
7 verbose parsed url   auth: null,
7 verbose parsed url   host: null,
7 verbose parsed url   port: null,
7 verbose parsed url   hostname: null,
7 verbose parsed url   hash: null,
7 verbose parsed url   search: null,
7 verbose parsed url   query: null,
7 verbose parsed url   pathname: 'npm-cli',
7 verbose parsed url   path: 'npm-cli',
7 verbose parsed url   href: 'npm-cli' }
8 silly lockFile c31b6141-npm-cli npm-cli
9 verbose lock npm-cli C:\Users\ted\AppData\Roaming\npm-cache\c31b6141-npm-cli.lock
10 silly lockFile c31b6141-npm-cli npm-cli
11 silly lockFile c31b6141-npm-cli npm-cli
12 verbose addNamed [ 'npm-cli', '' ]
13 verbose addNamed [ null, '*' ]
14 silly lockFile 1feea197-npm-cli npm-cli@
15 verbose lock npm-cli@ C:\Users\ted\AppData\Roaming\npm-cache\1feea197-npm-cli.lock
16 silly addNameRange { name: 'npm-cli', range: '*', hasData: false }
17 verbose request where is /npm-cli
18 verbose request registry https://registry.npmjs.org/
19 verbose request id e230c1db55ba682b
20 verbose url raw /npm-cli
21 verbose url resolving [ 'https://registry.npmjs.org/', './npm-cli' ]
22 verbose url resolved https://registry.npmjs.org/npm-cli
23 verbose request where is https://registry.npmjs.org/npm-cli
24 info trying registry request attempt 1 at 08:57:43
25 http GET https://registry.npmjs.org/npm-cli
26 http 404 https://registry.npmjs.org/npm-cli
27 silly registry.get cb [ 404,
27 silly registry.get   { 'content-type': 'application/json',
27 silly registry.get     'cache-control': 'max-age=0',
27 silly registry.get     'content-length': '2',
27 silly registry.get     'accept-ranges': 'bytes',
27 silly registry.get     date: 'Sat, 12 Mar 2016 13:57:45 GMT',
27 silly registry.get     via: '1.1 varnish',
27 silly registry.get     age: '0',
27 silly registry.get     connection: 'keep-alive',
27 silly registry.get     'x-served-by': 'cache-jfk1045-JFK',
27 silly registry.get     'x-cache': 'MISS',
27 silly registry.get     'x-cache-hits': '0',
27 silly registry.get     'x-timer': 'S1457791065.088190,VS0,VE378' } ]
28 silly lockFile 1feea197-npm-cli npm-cli@
29 silly lockFile 1feea197-npm-cli npm-cli@
30 error 404 Not Found
30 error 404
30 error 404 'npm-cli' is not in the npm registry.
30 error 404 You should bug the author to publish it
30 error 404
30 error 404 Note that you can also install from a
30 error 404 tarball, folder, or http url, or git url.
31 error System Windows_NT 6.2.9200
32 error command "C:\\Program Files\\nodejs\\\\node.exe" "C:\\Program Files\\nodejs\\node_modules\\npm\\bin\\npm-cli.js" "i" "-g" "npm-cli"
33 error cwd C:\Users\ted\Dropbox\GitHub\fabmo-fireup-app
34 error node -v v0.10.32
35 error npm -v 1.4.28
36 error code E404
37 verbose exit [ 1, true ]
